<?xml version="1.0" encoding="UTF-8"?>
<testng-results ignored="0" total="1" passed="1" failed="0" skipped="0">
  <reporter-output>
  </reporter-output>
  <suite started-at="2023-04-24T20:14:00 IST" name="Default suite" finished-at="2023-04-24T20:14:19 IST" duration-ms="18335">
    <groups>
    </groups>
    <test started-at="2023-04-24T20:14:00 IST" name="Default test" finished-at="2023-04-24T20:14:19 IST" duration-ms="18335">
      <class name="lambdaTest.LambdappRegister">
        <test-method is-config="true" signature="browserOpening()[pri:0, instance:lambdaTest.LambdappRegister@60099951]" started-at="2023-04-24T20:14:00 IST" name="browserOpening" finished-at="2023-04-24T20:14:07 IST" duration-ms="6386" status="PASS">
          <reporter-output>
          </reporter-output>
        </test-method> <!-- browserOpening -->
        <test-method signature="register()[pri:0, instance:lambdaTest.LambdappRegister@60099951]" started-at="2023-04-24T20:14:07 IST" name="register" finished-at="2023-04-24T20:14:19 IST" duration-ms="11744" status="PASS">
          <reporter-output>
          </reporter-output>
        </test-method> <!-- register -->
        <test-method is-config="true" signature="afterClass()[pri:0, instance:lambdaTest.LambdappRegister@60099951]" started-at="2023-04-24T20:14:19 IST" name="afterClass" finished-at="2023-04-24T20:14:19 IST" duration-ms="163" status="PASS">
          <reporter-output>
          </reporter-output>
        </test-method> <!-- afterClass -->
      </class> <!-- lambdaTest.LambdappRegister -->
    </test> <!-- Default test -->
  </suite> <!-- Default suite -->
</testng-results>
